<?xml version="1.0" encoding="UTF-8" ?>
<testsuite tests="2" failures="0" name="com.shimizukenta.secs.StringObfuscationTest" time="0.006" errors="0" skipped="0">
  <properties>
    <property name="java.runtime.name" value="Java(TM) SE Runtime Environment"/>
    <property name="sun.boot.library.path" value="E:\software\jdk1.8.0_201\jre\bin"/>
    <property name="java.vm.version" value="25.201-b09"/>
    <property name="java.vm.vendor" value="Oracle Corporation"/>
    <property name="maven.multiModuleProjectDirectory" value="E:/work/idea/wk1/secs4java8"/>
    <property name="java.vendor.url" value="http://java.oracle.com/"/>
    <property name="path.separator" value=";"/>
    <property name="guice.disable.misplaced.annotation.check" value="true"/>
    <property name="java.vm.name" value="Java HotSpot(TM) 64-Bit Server VM"/>
    <property name="file.encoding.pkg" value="sun.io"/>
    <property name="user.script" value=""/>
    <property name="user.country" value="CN"/>
    <property name="sun.java.launcher" value="SUN_STANDARD"/>
    <property name="sun.os.patch.level" value=""/>
    <property name="java.vm.specification.name" value="Java Virtual Machine Specification"/>
    <property name="user.dir" value="E:\work\idea\wk1\secs4java8"/>
    <property name="java.runtime.version" value="1.8.0_201-b09"/>
    <property name="java.awt.graphicsenv" value="sun.awt.Win32GraphicsEnvironment"/>
    <property name="java.endorsed.dirs" value="E:\software\jdk1.8.0_201\jre\lib\endorsed"/>
    <property name="os.arch" value="amd64"/>
    <property name="java.io.tmpdir" value="C:\Users\admin\AppData\Local\Temp\"/>
    <property name="line.separator" value="
"/>
    <property name="java.vm.specification.vendor" value="Oracle Corporation"/>
    <property name="user.variant" value=""/>
    <property name="os.name" value="Windows 10"/>
    <property name="classworlds.conf" value="E:/apache-maven-3.8.1-bin/apache-maven-3.8.1/bin/m2.conf"/>
    <property name="sun.jnu.encoding" value="GBK"/>
    <property name="java.library.path" value="E:\software\jdk1.8.0_201\bin;C:\WINDOWS\Sun\Java\bin;C:\WINDOWS\system32;C:\WINDOWS;E:\software\Git\mingw64\bin;E:\software\Git\usr\bin;C:\Users\admin\bin;C:\Program Files\NVIDIA GPU Computing Toolkit\CUDA\v12.8\bin;C:\Program Files\NVIDIA GPU Computing Toolkit\CUDA\v12.8\libnvvp;C:\WINDOWS\system32;C:\WINDOWS;C:\WINDOWS\System32\Wbem;C:\WINDOWS\System32\WindowsPowerShell\v1.0;C:\WINDOWS\System32\OpenSSH;E:\software\mysql-8.0.19-winx64\bin;C:\Users\admin\AppData\Roaming\nvm;C:\Program Files\nodejs;E:\apache-maven-3.8.1-bin\apache-maven-3.8.1\bin;E:\software\Git\cmd;C:\Program Files\Bandizip;E:\shortcuts;C:\Program Files\TortoiseGit\bin;C:\Program Files (x86)\GnuPG\bin;D:\cmake-3.31.4-windows-x86_64\cmake-3.31.4-windows-x86_64\bin;C:\Program Files\swipl\bin;C:\Program Files\Graphviz\bin;C:\Program Files\NVIDIA Corporation\Nsight Compute 2025.1.0;C:\Program Files\NVIDIA Corporation\NVIDIA app\NvDLISR;C:\Program Files (x86)\NVIDIA Corporation\PhysX\Common;C:\Program Files\Microsoft SQL Server\150\Tools\Binn;E:\software\vs2022\Microsoft Visual Studio2022\Enterprise\VC\Tools\MSVC\14.43.34808\bin\Hostx64\x64;E:\software\vs2022\Microsoft Visual Studio2022\Enterprise\VC\Tools\MSVC\14.43.34808\include;E:\software\vs2022\Microsoft Visual Studio2022\Enterprise\VC\Auxiliary\Build;E:\software\Git\;E:\learn\docs\jason-bin-3.3.0\bin;E:\software\jdk1.8.0_201\bin;E:\software\graalvm-community-jdk-23.0.2_windows-x64_bin\graalvm-community-openjdk-23.0.2\bin;C:\ProgramData\chocolatey\bin;E:\Windows Kits\10\Windows Performance Toolkit;E:\Windows Kits\10\Include\10.0.26100.0\ucrt;E:\software\gradle-4.8.1-bin\gradle-4.8.1\bin;E:\software\upx-5.0.0-win64\upx-5.0.0-win64;E:\software\WinMerge;E:\software\ultra;C:\Program Files (x86)\Yarn\bin;C:\Program Files\nodejs;C:\Program Files\dotnet;E:\software\ultra\UltraFinder 20.10.0;E:\software\jooby-cli-3.6.1\bin;E:\software\spring-boot-cli-3.4.3-bin\spring-3.4.3\bin;C:\Users\admin\AppData\Local\Packages\PythonSoftwareFoundation.Python.3.12_qbz5n2kfra8p0\LocalCache\local-packages\Python312\Scripts;E:\software\R-4.4.3\bin;C:\Program Files\Docker\Docker\resources\bin;E:\software\cursor\resources\app\bin;E:\software\com_tcp;E:\software\Trae\bin;C:\Users\admin\.jbang\bin;C:\Users\admin\AppData\Local\Microsoft\WindowsApps;C:\Users\admin\AppData\Roaming\nvm;C:\Program Files\nodejs;C:\Program Files\JetBrains\IntelliJ IDEA 2023.2.5\bin;C:\Users\admin\AppData\Local\Programs\Microsoft VS Code\bin;E:\software\Diffuse;C:\Users\admin\AppData\Local\Yarn\bin;C:\Users\admin\AppData\Roaming\npm;C:\Users\admin\.dotnet\tools;E:\software\DataSpell 2024.3.2\bin;C:\Users\admin\AppData\Local\atom\bin;E:\software\cursor\resources\app\bin;E:\software\Windsurf\bin;E:\software\IntelliJ IDEA 2024.3.5\bin;."/>
    <property name="maven.conf" value="E:/apache-maven-3.8.1-bin/apache-maven-3.8.1/conf"/>
    <property name="java.specification.name" value="Java Platform API Specification"/>
    <property name="java.class.version" value="52.0"/>
    <property name="sun.management.compiler" value="HotSpot 64-Bit Tiered Compilers"/>
    <property name="os.version" value="10.0"/>
    <property name="library.jansi.path" value="E:/apache-maven-3.8.1-bin/apache-maven-3.8.1/lib/jansi-native"/>
    <property name="user.home" value="C:\Users\admin"/>
    <property name="user.timezone" value="Asia/Shanghai"/>
    <property name="java.awt.printerjob" value="sun.awt.windows.WPrinterJob"/>
    <property name="java.specification.version" value="1.8"/>
    <property name="file.encoding" value="GBK"/>
    <property name="user.name" value="admin"/>
    <property name="java.class.path" value="E:/apache-maven-3.8.1-bin/apache-maven-3.8.1/boot/plexus-classworlds-2.6.0.jar"/>
    <property name="java.vm.specification.version" value="1.8"/>
    <property name="sun.arch.data.model" value="64"/>
    <property name="java.home" value="E:\software\jdk1.8.0_201\jre"/>
    <property name="sun.java.command" value="org.codehaus.plexus.classworlds.launcher.Launcher install -P production"/>
    <property name="java.specification.vendor" value="Oracle Corporation"/>
    <property name="user.language" value="zh"/>
    <property name="awt.toolkit" value="sun.awt.windows.WToolkit"/>
    <property name="java.vm.info" value="mixed mode"/>
    <property name="java.version" value="1.8.0_201"/>
    <property name="java.ext.dirs" value="E:\software\jdk1.8.0_201\jre\lib\ext;C:\WINDOWS\Sun\Java\lib\ext"/>
    <property name="sun.boot.class.path" value="E:\software\jdk1.8.0_201\jre\lib\resources.jar;E:\software\jdk1.8.0_201\jre\lib\rt.jar;E:\software\jdk1.8.0_201\jre\lib\sunrsasign.jar;E:\software\jdk1.8.0_201\jre\lib\jsse.jar;E:\software\jdk1.8.0_201\jre\lib\jce.jar;E:\software\jdk1.8.0_201\jre\lib\charsets.jar;E:\software\jdk1.8.0_201\jre\lib\jfr.jar;E:\software\jdk1.8.0_201\jre\classes"/>
    <property name="sun.stderr.encoding" value="ms936"/>
    <property name="java.vendor" value="Oracle Corporation"/>
    <property name="maven.home" value="E:\apache-maven-3.8.1-bin\apache-maven-3.8.1"/>
    <property name="file.separator" value="\"/>
    <property name="java.vendor.url.bug" value="http://bugreport.sun.com/bugreport/"/>
    <property name="sun.cpu.endian" value="little"/>
    <property name="sun.io.unicode.encoding" value="UnicodeLittle"/>
    <property name="sun.stdout.encoding" value="ms936"/>
    <property name="sun.desktop" value="windows"/>
    <property name="sun.cpu.isalist" value="amd64"/>
  </properties>
  <testcase classname="com.shimizukenta.secs.StringObfuscationTest" name="testStringConstants" time="0.005"/>
  <testcase classname="com.shimizukenta.secs.StringObfuscationTest" name="testClassNameStrings" time="0.001"/>
</testsuite>